[2025-02-06 07:25:18] local.ERROR: Target class [App\Http\Controllers\LevelController] does not exist. {"exception":"[object] (Illuminate\\Contracts\\Container\\BindingResolutionException(code: 0): Target class [App\\Http\\Controllers\\LevelController] does not exist. at C:\\Users\\fuads\\OneDrive\\Desktop\\Laravel\\academy\\vendor\\laravel\\framework\\src\\Illuminate\\Container\\Container.php:811)
[stacktrace]
#0 C:\\Users\\fuads\\OneDrive\\Desktop\\Laravel\\academy\\vendor\\laravel\\framework\\src\\Illuminate\\Container\\Container.php(691): Illuminate\\Container\\Container->build('App\\\\Http\\\\Contro...')
#1 C:\\Users\\fuads\\OneDrive\\Desktop\\Laravel\\academy\\vendor\\laravel\\framework\\src\\Illuminate\\Foundation\\Application.php(798): Illuminate\\Container\\Container->resolve('App\\\\Http\\\\Contro...', Array, true)
#2 C:\\Users\\fuads\\OneDrive\\Desktop\\Laravel\\academy\\vendor\\laravel\\framework\\src\\Illuminate\\Container\\Container.php(637): Illuminate\\Foundation\\Application->resolve('App\\\\Http\\\\Contro...', Array)
#3 C:\\Users\\fuads\\OneDrive\\Desktop\\Laravel\\academy\\vendor\\laravel\\framework\\src\\Illuminate\\Foundation\\Application.php(783): Illuminate\\Container\\Container->make('App\\\\Http\\\\Contro...', Array)
#4 C:\\Users\\fuads\\OneDrive\\Desktop\\Laravel\\academy\\vendor\\laravel\\framework\\src\\Illuminate\\Routing\\Route.php(253): Illuminate\\Foundation\\Application->make('App\\\\Http\\\\Contro...')
#5 C:\\Users\\fuads\\OneDrive\\Desktop\\Laravel\\academy\\vendor\\laravel\\framework\\src\\Illuminate\\Routing\\Route.php(970): Illuminate\\Routing\\Route->getController()
#6 C:\\Users\\fuads\\OneDrive\\Desktop\\Laravel\\academy\\vendor\\laravel\\framework\\src\\Illuminate\\Routing\\Route.php(931): Illuminate\\Routing\\Route->controllerMiddleware()
#7 C:\\Users\\fuads\\OneDrive\\Desktop\\Laravel\\academy\\vendor\\laravel\\framework\\src\\Illuminate\\Routing\\Router.php(702): Illuminate\\Routing\\Route->gatherMiddleware()
#8 C:\\Users\\fuads\\OneDrive\\Desktop\\Laravel\\academy\\vendor\\laravel\\framework\\src\\Illuminate\\Routing\\Router.php(678): Illuminate\\Routing\\Router->gatherRouteMiddleware(Object(Illuminate\\Routing\\Route))
#9 C:\\Users\\fuads\\OneDrive\\Desktop\\Laravel\\academy\\vendor\\laravel\\framework\\src\\Illuminate\\Routing\\Router.php(662): Illuminate\\Routing\\Router->runRouteWithinStack(Object(Illuminate\\Routing\\Route), Object(Illuminate\\Http\\Request))
#10 C:\\Users\\fuads\\OneDrive\\Desktop\\Laravel\\academy\\vendor\\laravel\\framework\\src\\Illuminate\\Routing\\Router.php(628): Illuminate\\Routing\\Router->runRoute(Object(Illuminate\\Http\\Request), Object(Illuminate\\Routing\\Route))
#11 C:\\Users\\fuads\\OneDrive\\Desktop\\Laravel\\academy\\vendor\\laravel\\framework\\src\\Illuminate\\Routing\\Router.php(617): Illuminate\\Routing\\Router->dispatchToRoute(Object(Illuminate\\Http\\Request))
#12 C:\\Users\\fuads\\OneDrive\\Desktop\\Laravel\\academy\\vendor\\laravel\\framework\\src\\Illuminate\\Foundation\\Http\\Kernel.php(165): Illuminate\\Routing\\Router->dispatch(Object(Illuminate\\Http\\Request))
#13 C:\\Users\\fuads\\OneDrive\\Desktop\\Laravel\\academy\\vendor\\laravel\\framework\\src\\Illuminate\\Pipeline\\Pipeline.php(128): Illuminate\\Foundation\\Http\\Kernel->Illuminate\\Foundation\\Http\\{closure}(Object(Illuminate\\Http\\Request))
#14 C:\\Users\\fuads\\OneDrive\\Desktop\\Laravel\\academy\\vendor\\barryvdh\\laravel-debugbar\\src\\Middleware\\InjectDebugbar.php(66): Illuminate\\Pipeline\\Pipeline->Illuminate\\Pipeline\\{closure}(Object(Illuminate\\Http\\Request))
#15 C:\\Users\\fuads\\OneDrive\\Desktop\\Laravel\\academy\\vendor\\laravel\\framework\\src\\Illuminate\\Pipeline\\Pipeline.php(167): Barryvdh\\Debugbar\\Middleware\\InjectDebugbar->handle(Object(Illuminate\\Http\\Request), Object(Closure))
#16 C:\\Users\\fuads\\OneDrive\\Desktop\\Laravel\\academy\\vendor\\laravel\\framework\\src\\Illuminate\\Foundation\\Http\\Middleware\\TransformsRequest.php(21): Illuminate\\Pipeline\\Pipeline->Illuminate\\Pipeline\\{closure}(Object(Illuminate\\Http\\Request))
#17 C:\\Users\\fuads\\OneDrive\\Desktop\\Laravel\\academy\\vendor\\laravel\\framework\\src\\Illuminate\\Pipeline\\Pipeline.php(167): Illuminate\\Foundation\\Http\\Middleware\\TransformsRequest->handle(Object(Illuminate\\Http\\Request), Object(Closure))
#18 C:\\Users\\fuads\\OneDrive\\Desktop\\Laravel\\academy\\vendor\\laravel\\framework\\src\\Illuminate\\Foundation\\Http\\Middleware\\TransformsRequest.php(21): Illuminate\\Pipeline\\Pipeline->Illuminate\\Pipeline\\{closure}(Object(Illuminate\\Http\\Request))
#19 C:\\Users\\fuads\\OneDrive\\Desktop\\Laravel\\academy\\vendor\\laravel\\framework\\src\\Illuminate\\Pipeline\\Pipeline.php(167): Illuminate\\Foundation\\Http\\Middleware\\TransformsRequest->handle(Object(Illuminate\\Http\\Request), Object(Closure))
#20 C:\\Users\\fuads\\OneDrive\\Desktop\\Laravel\\academy\\vendor\\laravel\\framework\\src\\Illuminate\\Foundation\\Http\\Middleware\\ValidatePostSize.php(27): Illuminate\\Pipeline\\Pipeline->Illuminate\\Pipeline\\{closure}(Object(Illuminate\\Http\\Request))
#21 C:\\Users\\fuads\\OneDrive\\Desktop\\Laravel\\academy\\vendor\\laravel\\framework\\src\\Illuminate\\Pipeline\\Pipeline.php(167): Illuminate\\Foundation\\Http\\Middleware\\ValidatePostSize->handle(Object(Illuminate\\Http\\Request), Object(Closure))
#22 C:\\Users\\fuads\\OneDrive\\Desktop\\Laravel\\academy\\vendor\\laravel\\framework\\src\\Illuminate\\Foundation\\Http\\Middleware\\CheckForMaintenanceMode.php(63): Illuminate\\Pipeline\\Pipeline->Illuminate\\Pipeline\\{closure}(Object(Illuminate\\Http\\Request))
#23 C:\\Users\\fuads\\OneDrive\\Desktop\\Laravel\\academy\\vendor\\laravel\\framework\\src\\Illuminate\\Pipeline\\Pipeline.php(167): Illuminate\\Foundation\\Http\\Middleware\\CheckForMaintenanceMode->handle(Object(Illuminate\\Http\\Request), Object(Closure))
#24 C:\\Users\\fuads\\OneDrive\\Desktop\\Laravel\\academy\\vendor\\fruitcake\\laravel-cors\\src\\HandleCors.php(37): Illuminate\\Pipeline\\Pipeline->Illuminate\\Pipeline\\{closure}(Object(Illuminate\\Http\\Request))
#25 C:\\Users\\fuads\\OneDrive\\Desktop\\Laravel\\academy\\vendor\\laravel\\framework\\src\\Illuminate\\Pipeline\\Pipeline.php(167): Fruitcake\\Cors\\HandleCors->handle(Object(Illuminate\\Http\\Request), Object(Closure))
#26 C:\\Users\\fuads\\OneDrive\\Desktop\\Laravel\\academy\\vendor\\fideloper\\proxy\\src\\TrustProxies.php(57): Illuminate\\Pipeline\\Pipeline->Illuminate\\Pipeline\\{closure}(Object(Illuminate\\Http\\Request))
#27 C:\\Users\\fuads\\OneDrive\\Desktop\\Laravel\\academy\\vendor\\laravel\\framework\\src\\Illuminate\\Pipeline\\Pipeline.php(167): Fideloper\\Proxy\\TrustProxies->handle(Object(Illuminate\\Http\\Request), Object(Closure))
#28 C:\\Users\\fuads\\OneDrive\\Desktop\\Laravel\\academy\\vendor\\laravel\\framework\\src\\Illuminate\\Pipeline\\Pipeline.php(103): Illuminate\\Pipeline\\Pipeline->Illuminate\\Pipeline\\{closure}(Object(Illuminate\\Http\\Request))
#29 C:\\Users\\fuads\\OneDrive\\Desktop\\Laravel\\academy\\vendor\\laravel\\framework\\src\\Illuminate\\Foundation\\Http\\Kernel.php(140): Illuminate\\Pipeline\\Pipeline->then(Object(Closure))
#30 C:\\Users\\fuads\\OneDrive\\Desktop\\Laravel\\academy\\vendor\\laravel\\framework\\src\\Illuminate\\Foundation\\Http\\Kernel.php(109): Illuminate\\Foundation\\Http\\Kernel->sendRequestThroughRouter(Object(Illuminate\\Http\\Request))
#31 C:\\Users\\fuads\\OneDrive\\Desktop\\Laravel\\academy\\public\\index.php(55): Illuminate\\Foundation\\Http\\Kernel->handle(Object(Illuminate\\Http\\Request))
#32 C:\\Users\\fuads\\OneDrive\\Desktop\\Laravel\\academy\\server.php(21): require_once('C:\\\\Users\\\\fuads\\\\...')
#33 {main}

[previous exception] [object] (ReflectionException(code: -1): Class App\\Http\\Controllers\\LevelController does not exist at C:\\Users\\fuads\\OneDrive\\Desktop\\Laravel\\academy\\vendor\\laravel\\framework\\src\\Illuminate\\Container\\Container.php:809)
[stacktrace]
#0 C:\\Users\\fuads\\OneDrive\\Desktop\\Laravel\\academy\\vendor\\laravel\\framework\\src\\Illuminate\\Container\\Container.php(809): ReflectionClass->__construct('App\\\\Http\\\\Contro...')
#1 C:\\Users\\fuads\\OneDrive\\Desktop\\Laravel\\academy\\vendor\\laravel\\framework\\src\\Illuminate\\Container\\Container.php(691): Illuminate\\Container\\Container->build('App\\\\Http\\\\Contro...')
#2 C:\\Users\\fuads\\OneDrive\\Desktop\\Laravel\\academy\\vendor\\laravel\\framework\\src\\Illuminate\\Foundation\\Application.php(798): Illuminate\\Container\\Container->resolve('App\\\\Http\\\\Contro...', Array, true)
#3 C:\\Users\\fuads\\OneDrive\\Desktop\\Laravel\\academy\\vendor\\laravel\\framework\\src\\Illuminate\\Container\\Container.php(637): Illuminate\\Foundation\\Application->resolve('App\\\\Http\\\\Contro...', Array)
#4 C:\\Users\\fuads\\OneDrive\\Desktop\\Laravel\\academy\\vendor\\laravel\\framework\\src\\Illuminate\\Foundation\\Application.php(783): Illuminate\\Container\\Container->make('App\\\\Http\\\\Contro...', Array)
#5 C:\\Users\\fuads\\OneDrive\\Desktop\\Laravel\\academy\\vendor\\laravel\\framework\\src\\Illuminate\\Routing\\Route.php(253): Illuminate\\Foundation\\Application->make('App\\\\Http\\\\Contro...')
#6 C:\\Users\\fuads\\OneDrive\\Desktop\\Laravel\\academy\\vendor\\laravel\\framework\\src\\Illuminate\\Routing\\Route.php(970): Illuminate\\Routing\\Route->getController()
#7 C:\\Users\\fuads\\OneDrive\\Desktop\\Laravel\\academy\\vendor\\laravel\\framework\\src\\Illuminate\\Routing\\Route.php(931): Illuminate\\Routing\\Route->controllerMiddleware()
#8 C:\\Users\\fuads\\OneDrive\\Desktop\\Laravel\\academy\\vendor\\laravel\\framework\\src\\Illuminate\\Routing\\Router.php(702): Illuminate\\Routing\\Route->gatherMiddleware()
#9 C:\\Users\\fuads\\OneDrive\\Desktop\\Laravel\\academy\\vendor\\laravel\\framework\\src\\Illuminate\\Routing\\Router.php(678): Illuminate\\Routing\\Router->gatherRouteMiddleware(Object(Illuminate\\Routing\\Route))
#10 C:\\Users\\fuads\\OneDrive\\Desktop\\Laravel\\academy\\vendor\\laravel\\framework\\src\\Illuminate\\Routing\\Router.php(662): Illuminate\\Routing\\Router->runRouteWithinStack(Object(Illuminate\\Routing\\Route), Object(Illuminate\\Http\\Request))
#11 C:\\Users\\fuads\\OneDrive\\Desktop\\Laravel\\academy\\vendor\\laravel\\framework\\src\\Illuminate\\Routing\\Router.php(628): Illuminate\\Routing\\Router->runRoute(Object(Illuminate\\Http\\Request), Object(Illuminate\\Routing\\Route))
#12 C:\\Users\\fuads\\OneDrive\\Desktop\\Laravel\\academy\\vendor\\laravel\\framework\\src\\Illuminate\\Routing\\Router.php(617): Illuminate\\Routing\\Router->dispatchToRoute(Object(Illuminate\\Http\\Request))
#13 C:\\Users\\fuads\\OneDrive\\Desktop\\Laravel\\academy\\vendor\\laravel\\framework\\src\\Illuminate\\Foundation\\Http\\Kernel.php(165): Illuminate\\Routing\\Router->dispatch(Object(Illuminate\\Http\\Request))
#14 C:\\Users\\fuads\\OneDrive\\Desktop\\Laravel\\academy\\vendor\\laravel\\framework\\src\\Illuminate\\Pipeline\\Pipeline.php(128): Illuminate\\Foundation\\Http\\Kernel->Illuminate\\Foundation\\Http\\{closure}(Object(Illuminate\\Http\\Request))
#15 C:\\Users\\fuads\\OneDrive\\Desktop\\Laravel\\academy\\vendor\\barryvdh\\laravel-debugbar\\src\\Middleware\\InjectDebugbar.php(66): Illuminate\\Pipeline\\Pipeline->Illuminate\\Pipeline\\{closure}(Object(Illuminate\\Http\\Request))
#16 C:\\Users\\fuads\\OneDrive\\Desktop\\Laravel\\academy\\vendor\\laravel\\framework\\src\\Illuminate\\Pipeline\\Pipeline.php(167): Barryvdh\\Debugbar\\Middleware\\InjectDebugbar->handle(Object(Illuminate\\Http\\Request), Object(Closure))
#17 C:\\Users\\fuads\\OneDrive\\Desktop\\Laravel\\academy\\vendor\\laravel\\framework\\src\\Illuminate\\Foundation\\Http\\Middleware\\TransformsRequest.php(21): Illuminate\\Pipeline\\Pipeline->Illuminate\\Pipeline\\{closure}(Object(Illuminate\\Http\\Request))
#18 C:\\Users\\fuads\\OneDrive\\Desktop\\Laravel\\academy\\vendor\\laravel\\framework\\src\\Illuminate\\Pipeline\\Pipeline.php(167): Illuminate\\Foundation\\Http\\Middleware\\TransformsRequest->handle(Object(Illuminate\\Http\\Request), Object(Closure))
#19 C:\\Users\\fuads\\OneDrive\\Desktop\\Laravel\\academy\\vendor\\laravel\\framework\\src\\Illuminate\\Foundation\\Http\\Middleware\\TransformsRequest.php(21): Illuminate\\Pipeline\\Pipeline->Illuminate\\Pipeline\\{closure}(Object(Illuminate\\Http\\Request))
#20 C:\\Users\\fuads\\OneDrive\\Desktop\\Laravel\\academy\\vendor\\laravel\\framework\\src\\Illuminate\\Pipeline\\Pipeline.php(167): Illuminate\\Foundation\\Http\\Middleware\\TransformsRequest->handle(Object(Illuminate\\Http\\Request), Object(Closure))
#21 C:\\Users\\fuads\\OneDrive\\Desktop\\Laravel\\academy\\vendor\\laravel\\framework\\src\\Illuminate\\Foundation\\Http\\Middleware\\ValidatePostSize.php(27): Illuminate\\Pipeline\\Pipeline->Illuminate\\Pipeline\\{closure}(Object(Illuminate\\Http\\Request))
#22 C:\\Users\\fuads\\OneDrive\\Desktop\\Laravel\\academy\\vendor\\laravel\\framework\\src\\Illuminate\\Pipeline\\Pipeline.php(167): Illuminate\\Foundation\\Http\\Middleware\\ValidatePostSize->handle(Object(Illuminate\\Http\\Request), Object(Closure))
#23 C:\\Users\\fuads\\OneDrive\\Desktop\\Laravel\\academy\\vendor\\laravel\\framework\\src\\Illuminate\\Foundation\\Http\\Middleware\\CheckForMaintenanceMode.php(63): Illuminate\\Pipeline\\Pipeline->Illuminate\\Pipeline\\{closure}(Object(Illuminate\\Http\\Request))
#24 C:\\Users\\fuads\\OneDrive\\Desktop\\Laravel\\academy\\vendor\\laravel\\framework\\src\\Illuminate\\Pipeline\\Pipeline.php(167): Illuminate\\Foundation\\Http\\Middleware\\CheckForMaintenanceMode->handle(Object(Illuminate\\Http\\Request), Object(Closure))
#25 C:\\Users\\fuads\\OneDrive\\Desktop\\Laravel\\academy\\vendor\\fruitcake\\laravel-cors\\src\\HandleCors.php(37): Illuminate\\Pipeline\\Pipeline->Illuminate\\Pipeline\\{closure}(Object(Illuminate\\Http\\Request))
#26 C:\\Users\\fuads\\OneDrive\\Desktop\\Laravel\\academy\\vendor\\laravel\\framework\\src\\Illuminate\\Pipeline\\Pipeline.php(167): Fruitcake\\Cors\\HandleCors->handle(Object(Illuminate\\Http\\Request), Object(Closure))
#27 C:\\Users\\fuads\\OneDrive\\Desktop\\Laravel\\academy\\vendor\\fideloper\\proxy\\src\\TrustProxies.php(57): Illuminate\\Pipeline\\Pipeline->Illuminate\\Pipeline\\{closure}(Object(Illuminate\\Http\\Request))
#28 C:\\Users\\fuads\\OneDrive\\Desktop\\Laravel\\academy\\vendor\\laravel\\framework\\src\\Illuminate\\Pipeline\\Pipeline.php(167): Fideloper\\Proxy\\TrustProxies->handle(Object(Illuminate\\Http\\Request), Object(Closure))
#29 C:\\Users\\fuads\\OneDrive\\Desktop\\Laravel\\academy\\vendor\\laravel\\framework\\src\\Illuminate\\Pipeline\\Pipeline.php(103): Illuminate\\Pipeline\\Pipeline->Illuminate\\Pipeline\\{closure}(Object(Illuminate\\Http\\Request))
#30 C:\\Users\\fuads\\OneDrive\\Desktop\\Laravel\\academy\\vendor\\laravel\\framework\\src\\Illuminate\\Foundation\\Http\\Kernel.php(140): Illuminate\\Pipeline\\Pipeline->then(Object(Closure))
#31 C:\\Users\\fuads\\OneDrive\\Desktop\\Laravel\\academy\\vendor\\laravel\\framework\\src\\Illuminate\\Foundation\\Http\\Kernel.php(109): Illuminate\\Foundation\\Http\\Kernel->sendRequestThroughRouter(Object(Illuminate\\Http\\Request))
#32 C:\\Users\\fuads\\OneDrive\\Desktop\\Laravel\\academy\\public\\index.php(55): Illuminate\\Foundation\\Http\\Kernel->handle(Object(Illuminate\\Http\\Request))
#33 C:\\Users\\fuads\\OneDrive\\Desktop\\Laravel\\academy\\server.php(21): require_once('C:\\\\Users\\\\fuads\\\\...')
#34 {main}
"} 
[2025-02-06 07:25:58] local.ERROR: Target class [App\Http\Controllers\panel/LevelController] does not exist. {"exception":"[object] (Illuminate\\Contracts\\Container\\BindingResolutionException(code: 0): Target class [App\\Http\\Controllers\\panel/LevelController] does not exist. at C:\\Users\\fuads\\OneDrive\\Desktop\\Laravel\\academy\\vendor\\laravel\\framework\\src\\Illuminate\\Container\\Container.php:811)
[stacktrace]
#0 C:\\Users\\fuads\\OneDrive\\Desktop\\Laravel\\academy\\vendor\\laravel\\framework\\src\\Illuminate\\Container\\Container.php(691): Illuminate\\Container\\Container->build('App\\\\Http\\\\Contro...')
#1 C:\\Users\\fuads\\OneDrive\\Desktop\\Laravel\\academy\\vendor\\laravel\\framework\\src\\Illuminate\\Foundation\\Application.php(798): Illuminate\\Container\\Container->resolve('App\\\\Http\\\\Contro...', Array, true)
#2 C:\\Users\\fuads\\OneDrive\\Desktop\\Laravel\\academy\\vendor\\laravel\\framework\\src\\Illuminate\\Container\\Container.php(637): Illuminate\\Foundation\\Application->resolve('App\\\\Http\\\\Contro...', Array)
#3 C:\\Users\\fuads\\OneDrive\\Desktop\\Laravel\\academy\\vendor\\laravel\\framework\\src\\Illuminate\\Foundation\\Application.php(783): Illuminate\\Container\\Container->make('App\\\\Http\\\\Contro...', Array)
#4 C:\\Users\\fuads\\OneDrive\\Desktop\\Laravel\\academy\\vendor\\laravel\\framework\\src\\Illuminate\\Routing\\Route.php(253): Illuminate\\Foundation\\Application->make('App\\\\Http\\\\Contro...')
#5 C:\\Users\\fuads\\OneDrive\\Desktop\\Laravel\\academy\\vendor\\laravel\\framework\\src\\Illuminate\\Routing\\Route.php(970): Illuminate\\Routing\\Route->getController()
#6 C:\\Users\\fuads\\OneDrive\\Desktop\\Laravel\\academy\\vendor\\laravel\\framework\\src\\Illuminate\\Routing\\Route.php(931): Illuminate\\Routing\\Route->controllerMiddleware()
#7 C:\\Users\\fuads\\OneDrive\\Desktop\\Laravel\\academy\\vendor\\laravel\\framework\\src\\Illuminate\\Routing\\Router.php(702): Illuminate\\Routing\\Route->gatherMiddleware()
#8 C:\\Users\\fuads\\OneDrive\\Desktop\\Laravel\\academy\\vendor\\laravel\\framework\\src\\Illuminate\\Routing\\Router.php(678): Illuminate\\Routing\\Router->gatherRouteMiddleware(Object(Illuminate\\Routing\\Route))
#9 C:\\Users\\fuads\\OneDrive\\Desktop\\Laravel\\academy\\vendor\\laravel\\framework\\src\\Illuminate\\Routing\\Router.php(662): Illuminate\\Routing\\Router->runRouteWithinStack(Object(Illuminate\\Routing\\Route), Object(Illuminate\\Http\\Request))
#10 C:\\Users\\fuads\\OneDrive\\Desktop\\Laravel\\academy\\vendor\\laravel\\framework\\src\\Illuminate\\Routing\\Router.php(628): Illuminate\\Routing\\Router->runRoute(Object(Illuminate\\Http\\Request), Object(Illuminate\\Routing\\Route))
#11 C:\\Users\\fuads\\OneDrive\\Desktop\\Laravel\\academy\\vendor\\laravel\\framework\\src\\Illuminate\\Routing\\Router.php(617): Illuminate\\Routing\\Router->dispatchToRoute(Object(Illuminate\\Http\\Request))
#12 C:\\Users\\fuads\\OneDrive\\Desktop\\Laravel\\academy\\vendor\\laravel\\framework\\src\\Illuminate\\Foundation\\Http\\Kernel.php(165): Illuminate\\Routing\\Router->dispatch(Object(Illuminate\\Http\\Request))
#13 C:\\Users\\fuads\\OneDrive\\Desktop\\Laravel\\academy\\vendor\\laravel\\framework\\src\\Illuminate\\Pipeline\\Pipeline.php(128): Illuminate\\Foundation\\Http\\Kernel->Illuminate\\Foundation\\Http\\{closure}(Object(Illuminate\\Http\\Request))
#14 C:\\Users\\fuads\\OneDrive\\Desktop\\Laravel\\academy\\vendor\\barryvdh\\laravel-debugbar\\src\\Middleware\\InjectDebugbar.php(66): Illuminate\\Pipeline\\Pipeline->Illuminate\\Pipeline\\{closure}(Object(Illuminate\\Http\\Request))
#15 C:\\Users\\fuads\\OneDrive\\Desktop\\Laravel\\academy\\vendor\\laravel\\framework\\src\\Illuminate\\Pipeline\\Pipeline.php(167): Barryvdh\\Debugbar\\Middleware\\InjectDebugbar->handle(Object(Illuminate\\Http\\Request), Object(Closure))
#16 C:\\Users\\fuads\\OneDrive\\Desktop\\Laravel\\academy\\vendor\\laravel\\framework\\src\\Illuminate\\Foundation\\Http\\Middleware\\TransformsRequest.php(21): Illuminate\\Pipeline\\Pipeline->Illuminate\\Pipeline\\{closure}(Object(Illuminate\\Http\\Request))
#17 C:\\Users\\fuads\\OneDrive\\Desktop\\Laravel\\academy\\vendor\\laravel\\framework\\src\\Illuminate\\Pipeline\\Pipeline.php(167): Illuminate\\Foundation\\Http\\Middleware\\TransformsRequest->handle(Object(Illuminate\\Http\\Request), Object(Closure))
#18 C:\\Users\\fuads\\OneDrive\\Desktop\\Laravel\\academy\\vendor\\laravel\\framework\\src\\Illuminate\\Foundation\\Http\\Middleware\\TransformsRequest.php(21): Illuminate\\Pipeline\\Pipeline->Illuminate\\Pipeline\\{closure}(Object(Illuminate\\Http\\Request))
#19 C:\\Users\\fuads\\OneDrive\\Desktop\\Laravel\\academy\\vendor\\laravel\\framework\\src\\Illuminate\\Pipeline\\Pipeline.php(167): Illuminate\\Foundation\\Http\\Middleware\\TransformsRequest->handle(Object(Illuminate\\Http\\Request), Object(Closure))
#20 C:\\Users\\fuads\\OneDrive\\Desktop\\Laravel\\academy\\vendor\\laravel\\framework\\src\\Illuminate\\Foundation\\Http\\Middleware\\ValidatePostSize.php(27): Illuminate\\Pipeline\\Pipeline->Illuminate\\Pipeline\\{closure}(Object(Illuminate\\Http\\Request))
#21 C:\\Users\\fuads\\OneDrive\\Desktop\\Laravel\\academy\\vendor\\laravel\\framework\\src\\Illuminate\\Pipeline\\Pipeline.php(167): Illuminate\\Foundation\\Http\\Middleware\\ValidatePostSize->handle(Object(Illuminate\\Http\\Request), Object(Closure))
#22 C:\\Users\\fuads\\OneDrive\\Desktop\\Laravel\\academy\\vendor\\laravel\\framework\\src\\Illuminate\\Foundation\\Http\\Middleware\\CheckForMaintenanceMode.php(63): Illuminate\\Pipeline\\Pipeline->Illuminate\\Pipeline\\{closure}(Object(Illuminate\\Http\\Request))
#23 C:\\Users\\fuads\\OneDrive\\Desktop\\Laravel\\academy\\vendor\\laravel\\framework\\src\\Illuminate\\Pipeline\\Pipeline.php(167): Illuminate\\Foundation\\Http\\Middleware\\CheckForMaintenanceMode->handle(Object(Illuminate\\Http\\Request), Object(Closure))
#24 C:\\Users\\fuads\\OneDrive\\Desktop\\Laravel\\academy\\vendor\\fruitcake\\laravel-cors\\src\\HandleCors.php(37): Illuminate\\Pipeline\\Pipeline->Illuminate\\Pipeline\\{closure}(Object(Illuminate\\Http\\Request))
#25 C:\\Users\\fuads\\OneDrive\\Desktop\\Laravel\\academy\\vendor\\laravel\\framework\\src\\Illuminate\\Pipeline\\Pipeline.php(167): Fruitcake\\Cors\\HandleCors->handle(Object(Illuminate\\Http\\Request), Object(Closure))
#26 C:\\Users\\fuads\\OneDrive\\Desktop\\Laravel\\academy\\vendor\\fideloper\\proxy\\src\\TrustProxies.php(57): Illuminate\\Pipeline\\Pipeline->Illuminate\\Pipeline\\{closure}(Object(Illuminate\\Http\\Request))
#27 C:\\Users\\fuads\\OneDrive\\Desktop\\Laravel\\academy\\vendor\\laravel\\framework\\src\\Illuminate\\Pipeline\\Pipeline.php(167): Fideloper\\Proxy\\TrustProxies->handle(Object(Illuminate\\Http\\Request), Object(Closure))
#28 C:\\Users\\fuads\\OneDrive\\Desktop\\Laravel\\academy\\vendor\\laravel\\framework\\src\\Illuminate\\Pipeline\\Pipeline.php(103): Illuminate\\Pipeline\\Pipeline->Illuminate\\Pipeline\\{closure}(Object(Illuminate\\Http\\Request))
#29 C:\\Users\\fuads\\OneDrive\\Desktop\\Laravel\\academy\\vendor\\laravel\\framework\\src\\Illuminate\\Foundation\\Http\\Kernel.php(140): Illuminate\\Pipeline\\Pipeline->then(Object(Closure))
#30 C:\\Users\\fuads\\OneDrive\\Desktop\\Laravel\\academy\\vendor\\laravel\\framework\\src\\Illuminate\\Foundation\\Http\\Kernel.php(109): Illuminate\\Foundation\\Http\\Kernel->sendRequestThroughRouter(Object(Illuminate\\Http\\Request))
#31 C:\\Users\\fuads\\OneDrive\\Desktop\\Laravel\\academy\\public\\index.php(55): Illuminate\\Foundation\\Http\\Kernel->handle(Object(Illuminate\\Http\\Request))
#32 C:\\Users\\fuads\\OneDrive\\Desktop\\Laravel\\academy\\server.php(21): require_once('C:\\\\Users\\\\fuads\\\\...')
#33 {main}

[previous exception] [object] (ReflectionException(code: -1): Class App\\Http\\Controllers\\panel/LevelController does not exist at C:\\Users\\fuads\\OneDrive\\Desktop\\Laravel\\academy\\vendor\\laravel\\framework\\src\\Illuminate\\Container\\Container.php:809)
[stacktrace]
#0 C:\\Users\\fuads\\OneDrive\\Desktop\\Laravel\\academy\\vendor\\laravel\\framework\\src\\Illuminate\\Container\\Container.php(809): ReflectionClass->__construct('App\\\\Http\\\\Contro...')
#1 C:\\Users\\fuads\\OneDrive\\Desktop\\Laravel\\academy\\vendor\\laravel\\framework\\src\\Illuminate\\Container\\Container.php(691): Illuminate\\Container\\Container->build('App\\\\Http\\\\Contro...')
#2 C:\\Users\\fuads\\OneDrive\\Desktop\\Laravel\\academy\\vendor\\laravel\\framework\\src\\Illuminate\\Foundation\\Application.php(798): Illuminate\\Container\\Container->resolve('App\\\\Http\\\\Contro...', Array, true)
#3 C:\\Users\\fuads\\OneDrive\\Desktop\\Laravel\\academy\\vendor\\laravel\\framework\\src\\Illuminate\\Container\\Container.php(637): Illuminate\\Foundation\\Application->resolve('App\\\\Http\\\\Contro...', Array)
#4 C:\\Users\\fuads\\OneDrive\\Desktop\\Laravel\\academy\\vendor\\laravel\\framework\\src\\Illuminate\\Foundation\\Application.php(783): Illuminate\\Container\\Container->make('App\\\\Http\\\\Contro...', Array)
#5 C:\\Users\\fuads\\OneDrive\\Desktop\\Laravel\\academy\\vendor\\laravel\\framework\\src\\Illuminate\\Routing\\Route.php(253): Illuminate\\Foundation\\Application->make('App\\\\Http\\\\Contro...')
#6 C:\\Users\\fuads\\OneDrive\\Desktop\\Laravel\\academy\\vendor\\laravel\\framework\\src\\Illuminate\\Routing\\Route.php(970): Illuminate\\Routing\\Route->getController()
#7 C:\\Users\\fuads\\OneDrive\\Desktop\\Laravel\\academy\\vendor\\laravel\\framework\\src\\Illuminate\\Routing\\Route.php(931): Illuminate\\Routing\\Route->controllerMiddleware()
#8 C:\\Users\\fuads\\OneDrive\\Desktop\\Laravel\\academy\\vendor\\laravel\\framework\\src\\Illuminate\\Routing\\Router.php(702): Illuminate\\Routing\\Route->gatherMiddleware()
#9 C:\\Users\\fuads\\OneDrive\\Desktop\\Laravel\\academy\\vendor\\laravel\\framework\\src\\Illuminate\\Routing\\Router.php(678): Illuminate\\Routing\\Router->gatherRouteMiddleware(Object(Illuminate\\Routing\\Route))
#10 C:\\Users\\fuads\\OneDrive\\Desktop\\Laravel\\academy\\vendor\\laravel\\framework\\src\\Illuminate\\Routing\\Router.php(662): Illuminate\\Routing\\Router->runRouteWithinStack(Object(Illuminate\\Routing\\Route), Object(Illuminate\\Http\\Request))
#11 C:\\Users\\fuads\\OneDrive\\Desktop\\Laravel\\academy\\vendor\\laravel\\framework\\src\\Illuminate\\Routing\\Router.php(628): Illuminate\\Routing\\Router->runRoute(Object(Illuminate\\Http\\Request), Object(Illuminate\\Routing\\Route))
#12 C:\\Users\\fuads\\OneDrive\\Desktop\\Laravel\\academy\\vendor\\laravel\\framework\\src\\Illuminate\\Routing\\Router.php(617): Illuminate\\Routing\\Router->dispatchToRoute(Object(Illuminate\\Http\\Request))
#13 C:\\Users\\fuads\\OneDrive\\Desktop\\Laravel\\academy\\vendor\\laravel\\framework\\src\\Illuminate\\Foundation\\Http\\Kernel.php(165): Illuminate\\Routing\\Router->dispatch(Object(Illuminate\\Http\\Request))
#14 C:\\Users\\fuads\\OneDrive\\Desktop\\Laravel\\academy\\vendor\\laravel\\framework\\src\\Illuminate\\Pipeline\\Pipeline.php(128): Illuminate\\Foundation\\Http\\Kernel->Illuminate\\Foundation\\Http\\{closure}(Object(Illuminate\\Http\\Request))
#15 C:\\Users\\fuads\\OneDrive\\Desktop\\Laravel\\academy\\vendor\\barryvdh\\laravel-debugbar\\src\\Middleware\\InjectDebugbar.php(66): Illuminate\\Pipeline\\Pipeline->Illuminate\\Pipeline\\{closure}(Object(Illuminate\\Http\\Request))
#16 C:\\Users\\fuads\\OneDrive\\Desktop\\Laravel\\academy\\vendor\\laravel\\framework\\src\\Illuminate\\Pipeline\\Pipeline.php(167): Barryvdh\\Debugbar\\Middleware\\InjectDebugbar->handle(Object(Illuminate\\Http\\Request), Object(Closure))
#17 C:\\Users\\fuads\\OneDrive\\Desktop\\Laravel\\academy\\vendor\\laravel\\framework\\src\\Illuminate\\Foundation\\Http\\Middleware\\TransformsRequest.php(21): Illuminate\\Pipeline\\Pipeline->Illuminate\\Pipeline\\{closure}(Object(Illuminate\\Http\\Request))
#18 C:\\Users\\fuads\\OneDrive\\Desktop\\Laravel\\academy\\vendor\\laravel\\framework\\src\\Illuminate\\Pipeline\\Pipeline.php(167): Illuminate\\Foundation\\Http\\Middleware\\TransformsRequest->handle(Object(Illuminate\\Http\\Request), Object(Closure))
#19 C:\\Users\\fuads\\OneDrive\\Desktop\\Laravel\\academy\\vendor\\laravel\\framework\\src\\Illuminate\\Foundation\\Http\\Middleware\\TransformsRequest.php(21): Illuminate\\Pipeline\\Pipeline->Illuminate\\Pipeline\\{closure}(Object(Illuminate\\Http\\Request))
#20 C:\\Users\\fuads\\OneDrive\\Desktop\\Laravel\\academy\\vendor\\laravel\\framework\\src\\Illuminate\\Pipeline\\Pipeline.php(167): Illuminate\\Foundation\\Http\\Middleware\\TransformsRequest->handle(Object(Illuminate\\Http\\Request), Object(Closure))
#21 C:\\Users\\fuads\\OneDrive\\Desktop\\Laravel\\academy\\vendor\\laravel\\framework\\src\\Illuminate\\Foundation\\Http\\Middleware\\ValidatePostSize.php(27): Illuminate\\Pipeline\\Pipeline->Illuminate\\Pipeline\\{closure}(Object(Illuminate\\Http\\Request))
#22 C:\\Users\\fuads\\OneDrive\\Desktop\\Laravel\\academy\\vendor\\laravel\\framework\\src\\Illuminate\\Pipeline\\Pipeline.php(167): Illuminate\\Foundation\\Http\\Middleware\\ValidatePostSize->handle(Object(Illuminate\\Http\\Request), Object(Closure))
#23 C:\\Users\\fuads\\OneDrive\\Desktop\\Laravel\\academy\\vendor\\laravel\\framework\\src\\Illuminate\\Foundation\\Http\\Middleware\\CheckForMaintenanceMode.php(63): Illuminate\\Pipeline\\Pipeline->Illuminate\\Pipeline\\{closure}(Object(Illuminate\\Http\\Request))
#24 C:\\Users\\fuads\\OneDrive\\Desktop\\Laravel\\academy\\vendor\\laravel\\framework\\src\\Illuminate\\Pipeline\\Pipeline.php(167): Illuminate\\Foundation\\Http\\Middleware\\CheckForMaintenanceMode->handle(Object(Illuminate\\Http\\Request), Object(Closure))
#25 C:\\Users\\fuads\\OneDrive\\Desktop\\Laravel\\academy\\vendor\\fruitcake\\laravel-cors\\src\\HandleCors.php(37): Illuminate\\Pipeline\\Pipeline->Illuminate\\Pipeline\\{closure}(Object(Illuminate\\Http\\Request))
#26 C:\\Users\\fuads\\OneDrive\\Desktop\\Laravel\\academy\\vendor\\laravel\\framework\\src\\Illuminate\\Pipeline\\Pipeline.php(167): Fruitcake\\Cors\\HandleCors->handle(Object(Illuminate\\Http\\Request), Object(Closure))
#27 C:\\Users\\fuads\\OneDrive\\Desktop\\Laravel\\academy\\vendor\\fideloper\\proxy\\src\\TrustProxies.php(57): Illuminate\\Pipeline\\Pipeline->Illuminate\\Pipeline\\{closure}(Object(Illuminate\\Http\\Request))
#28 C:\\Users\\fuads\\OneDrive\\Desktop\\Laravel\\academy\\vendor\\laravel\\framework\\src\\Illuminate\\Pipeline\\Pipeline.php(167): Fideloper\\Proxy\\TrustProxies->handle(Object(Illuminate\\Http\\Request), Object(Closure))
#29 C:\\Users\\fuads\\OneDrive\\Desktop\\Laravel\\academy\\vendor\\laravel\\framework\\src\\Illuminate\\Pipeline\\Pipeline.php(103): Illuminate\\Pipeline\\Pipeline->Illuminate\\Pipeline\\{closure}(Object(Illuminate\\Http\\Request))
#30 C:\\Users\\fuads\\OneDrive\\Desktop\\Laravel\\academy\\vendor\\laravel\\framework\\src\\Illuminate\\Foundation\\Http\\Kernel.php(140): Illuminate\\Pipeline\\Pipeline->then(Object(Closure))
#31 C:\\Users\\fuads\\OneDrive\\Desktop\\Laravel\\academy\\vendor\\laravel\\framework\\src\\Illuminate\\Foundation\\Http\\Kernel.php(109): Illuminate\\Foundation\\Http\\Kernel->sendRequestThroughRouter(Object(Illuminate\\Http\\Request))
#32 C:\\Users\\fuads\\OneDrive\\Desktop\\Laravel\\academy\\public\\index.php(55): Illuminate\\Foundation\\Http\\Kernel->handle(Object(Illuminate\\Http\\Request))
#33 C:\\Users\\fuads\\OneDrive\\Desktop\\Laravel\\academy\\server.php(21): require_once('C:\\\\Users\\\\fuads\\\\...')
#34 {main}
"} 
